2023-09-30 20:48:41,063 [INFO] Activator:177 - 


2023-09-30 20:48:41,065 [INFO] Activator:178 - !SESSION log4j initialized
2023-09-30 20:48:51,422 [INFO] McuFinderGlobals:39 - Set McuFinder mode to 2 (CubeIDE integrated)
2023-09-30 20:48:51,583 [INFO] ApplicationProperties:181 - Using Application install path: C:\ST\STM32CubeIDE_1.7.0\STM32CubeIDE\plugins\com.st.stm32cube.common.mx_6.3.0.202107141111
2023-09-30 20:48:51,593 [INFO] DbMcusXml:74 - Set database path to: C:\ST\STM32CubeIDE_1.7.0\STM32CubeIDE\plugins\com.st.stm32cube.common.mx_6.3.0.202107141111\\db\/mcu/
2023-09-30 20:48:51,596 [INFO] DbBoardsPdsc:56 - Set plugin database path to: C:\ST\STM32CubeIDE_1.7.0\STM32CubeIDE\plugins\com.st.stm32cube.common.mx_6.3.0.202107141111\\db\/plugins/boardmanager/
2023-09-30 20:48:51,631 [INFO] DbMcus:258 - Set plugin images path to: C:\ST\STM32CubeIDE_1.7.0\STM32CubeIDE\plugins\com.st.stm32cube.common.mx_6.3.0.202107141111\\db\/plugins/mcufinder/images/
2023-09-30 20:48:51,631 [INFO] DbBoards:264 - Set plugin images path to: C:\ST\STM32CubeIDE_1.7.0\STM32CubeIDE\plugins\com.st.stm32cube.common.mx_6.3.0.202107141111\\db\/plugins/mcufinder/images/
2023-09-30 20:48:51,635 [INFO] DbExamples:333 - Set plugin images path to: C:\ST\STM32CubeIDE_1.7.0\STM32CubeIDE\plugins\com.st.stm32cube.common.mx_6.3.0.202107141111\\db\/plugins/mcufinder/images/
2023-09-30 20:48:51,640 [INFO] DbMcusAds:119 - Set database path to: C:\Users\Administrator\.stmcufinder\plugins\mcufinder//mcu/
2023-09-30 20:48:51,640 [INFO] DbMcusDocs:110 - Set database path to: C:\Users\Administrator\.stmcufinder\plugins\mcufinder//mcu/
2023-09-30 20:48:51,642 [INFO] DbMcusJson:64 - Set database path to: C:\Users\Administrator\.stmcufinder\plugins\mcufinder//mcu/
2023-09-30 20:48:51,643 [INFO] DbBoardsDocs:110 - Set database path to: C:\Users\Administrator\.stmcufinder\plugins\mcufinder//mcu/
2023-09-30 20:48:51,644 [INFO] DbBoardsJson:57 - Set database path to: C:\Users\Administrator\.stmcufinder\plugins\mcufinder//mcu/
2023-09-30 20:48:51,646 [INFO] CrossReferenceDbSqlite:196 - Set database path to: C:\Users\Administrator\.stmcufinder\plugins\mcufinder//mcu/cs/
2023-09-30 20:48:51,649 [INFO] DbExamplesSqlite:767 - Set database path to: C:\Users\Administrator\.stmcufinder\plugins\mcufinder//mcu/
2023-09-30 20:48:51,745 [INFO] RulesReader:57 - Compatibility file has been processed (242 Rules)
2023-09-30 20:48:51,860 [INFO] DbMcusXml:74 - Set database path to: C:\ST\STM32CubeIDE_1.7.0\STM32CubeIDE\plugins\com.st.stm32cube.common.mx_6.3.0.202107141111\\db\/mcu/
2023-09-30 20:48:51,862 [INFO] DbBoardsPdsc:56 - Set plugin database path to: C:\ST\STM32CubeIDE_1.7.0\STM32CubeIDE\plugins\com.st.stm32cube.common.mx_6.3.0.202107141111\\db\/plugins/boardmanager/
2023-09-30 20:48:51,862 [INFO] DbMcus:258 - Set plugin images path to: C:\ST\STM32CubeIDE_1.7.0\STM32CubeIDE\plugins\com.st.stm32cube.common.mx_6.3.0.202107141111\\db\/plugins/mcufinder/images/
2023-09-30 20:48:51,862 [INFO] DbBoards:264 - Set plugin images path to: C:\ST\STM32CubeIDE_1.7.0\STM32CubeIDE\plugins\com.st.stm32cube.common.mx_6.3.0.202107141111\\db\/plugins/mcufinder/images/
2023-09-30 20:48:51,862 [INFO] DbExamples:333 - Set plugin images path to: C:\ST\STM32CubeIDE_1.7.0\STM32CubeIDE\plugins\com.st.stm32cube.common.mx_6.3.0.202107141111\\db\/plugins/mcufinder/images/
2023-09-30 20:48:51,862 [WARN] DbFile:35 - Overriding database path with different value: C:\Users\Administrator\.stmcufinder\plugins\mcufinder/ => C:\Users\Administrator\.stmcufinder\plugins\mcufinder
2023-09-30 20:48:51,863 [INFO] DbMcusAds:119 - Set database path to: C:\Users\Administrator\.stmcufinder\plugins\mcufinder//mcu/
2023-09-30 20:48:51,863 [WARN] DbFile:35 - Overriding database path with different value: C:\Users\Administrator\.stmcufinder\plugins\mcufinder/ => C:\Users\Administrator\.stmcufinder\plugins\mcufinder
2023-09-30 20:48:51,863 [INFO] DbMcusDocs:110 - Set database path to: C:\Users\Administrator\.stmcufinder\plugins\mcufinder//mcu/
2023-09-30 20:48:51,863 [WARN] DbFile:35 - Overriding database path with different value: C:\Users\Administrator\.stmcufinder\plugins\mcufinder/ => C:\Users\Administrator\.stmcufinder\plugins\mcufinder
2023-09-30 20:48:51,863 [INFO] DbMcusJson:64 - Set database path to: C:\Users\Administrator\.stmcufinder\plugins\mcufinder//mcu/
2023-09-30 20:48:51,863 [WARN] DbFile:35 - Overriding database path with different value: C:\Users\Administrator\.stmcufinder\plugins\mcufinder/ => C:\Users\Administrator\.stmcufinder\plugins\mcufinder
2023-09-30 20:48:51,863 [INFO] DbBoardsDocs:110 - Set database path to: C:\Users\Administrator\.stmcufinder\plugins\mcufinder//mcu/
2023-09-30 20:48:51,863 [WARN] DbFile:35 - Overriding database path with different value: C:\Users\Administrator\.stmcufinder\plugins\mcufinder/ => C:\Users\Administrator\.stmcufinder\plugins\mcufinder
2023-09-30 20:48:51,863 [INFO] DbBoardsJson:57 - Set database path to: C:\Users\Administrator\.stmcufinder\plugins\mcufinder//mcu/
2023-09-30 20:48:51,864 [WARN] DbFile:35 - Overriding database path with different value: C:\Users\Administrator\.stmcufinder\plugins\mcufinder/ => C:\Users\Administrator\.stmcufinder\plugins\mcufinder
2023-09-30 20:48:51,864 [WARN] DbFile:35 - Overriding database path with different value: C:\Users\Administrator\.stmcufinder\plugins\mcufinder/ => C:\Users\Administrator\.stmcufinder\plugins\mcufinder
2023-09-30 20:48:51,864 [INFO] CrossReferenceDbSqlite:196 - Set database path to: C:\Users\Administrator\.stmcufinder\plugins\mcufinder//mcu/cs/
2023-09-30 20:48:51,864 [WARN] DbFile:35 - Overriding database path with different value: C:\Users\Administrator\.stmcufinder\plugins\mcufinder/ => C:\Users\Administrator\.stmcufinder\plugins\mcufinder
2023-09-30 20:48:51,864 [INFO] DbExamplesSqlite:767 - Set database path to: C:\Users\Administrator\.stmcufinder\plugins\mcufinder//mcu/
2023-09-30 20:48:51,921 [INFO] MainPanel:214 - HeapMemory: 268435456
2023-09-30 20:48:51,988 [INFO] DbMcusXml:74 - Set database path to: C:\ST\STM32CubeIDE_1.7.0\STM32CubeIDE\plugins\com.st.stm32cube.common.mx_6.3.0.202107141111\\db\/mcu/
2023-09-30 20:48:51,988 [INFO] DbBoardsPdsc:56 - Set plugin database path to: C:\ST\STM32CubeIDE_1.7.0\STM32CubeIDE\plugins\com.st.stm32cube.common.mx_6.3.0.202107141111\\db\/plugins/boardmanager/
2023-09-30 20:48:51,988 [INFO] DbMcus:258 - Set plugin images path to: C:\ST\STM32CubeIDE_1.7.0\STM32CubeIDE\plugins\com.st.stm32cube.common.mx_6.3.0.202107141111\\db\/plugins/mcufinder/images/
2023-09-30 20:48:51,988 [INFO] DbBoards:264 - Set plugin images path to: C:\ST\STM32CubeIDE_1.7.0\STM32CubeIDE\plugins\com.st.stm32cube.common.mx_6.3.0.202107141111\\db\/plugins/mcufinder/images/
2023-09-30 20:48:51,988 [INFO] DbExamples:333 - Set plugin images path to: C:\ST\STM32CubeIDE_1.7.0\STM32CubeIDE\plugins\com.st.stm32cube.common.mx_6.3.0.202107141111\\db\/plugins/mcufinder/images/
2023-09-30 20:48:51,989 [WARN] DbFile:35 - Overriding database path with different value: C:\Users\Administrator\.stmcufinder\plugins\mcufinder/ => C:\Users\Administrator\.stmcufinder\plugins\mcufinder
2023-09-30 20:48:51,989 [INFO] DbMcusAds:119 - Set database path to: C:\Users\Administrator\.stmcufinder\plugins\mcufinder//mcu/
2023-09-30 20:48:51,989 [WARN] DbFile:35 - Overriding database path with different value: C:\Users\Administrator\.stmcufinder\plugins\mcufinder/ => C:\Users\Administrator\.stmcufinder\plugins\mcufinder
2023-09-30 20:48:51,989 [INFO] DbMcusDocs:110 - Set database path to: C:\Users\Administrator\.stmcufinder\plugins\mcufinder//mcu/
2023-09-30 20:48:51,989 [WARN] DbFile:35 - Overriding database path with different value: C:\Users\Administrator\.stmcufinder\plugins\mcufinder/ => C:\Users\Administrator\.stmcufinder\plugins\mcufinder
2023-09-30 20:48:51,990 [INFO] DbMcusJson:64 - Set database path to: C:\Users\Administrator\.stmcufinder\plugins\mcufinder//mcu/
2023-09-30 20:48:51,990 [WARN] DbFile:35 - Overriding database path with different value: C:\Users\Administrator\.stmcufinder\plugins\mcufinder/ => C:\Users\Administrator\.stmcufinder\plugins\mcufinder
2023-09-30 20:48:51,990 [INFO] DbBoardsDocs:110 - Set database path to: C:\Users\Administrator\.stmcufinder\plugins\mcufinder//mcu/
2023-09-30 20:48:51,990 [WARN] DbFile:35 - Overriding database path with different value: C:\Users\Administrator\.stmcufinder\plugins\mcufinder/ => C:\Users\Administrator\.stmcufinder\plugins\mcufinder
2023-09-30 20:48:51,990 [INFO] DbBoardsJson:57 - Set database path to: C:\Users\Administrator\.stmcufinder\plugins\mcufinder//mcu/
2023-09-30 20:48:51,990 [WARN] DbFile:35 - Overriding database path with different value: C:\Users\Administrator\.stmcufinder\plugins\mcufinder/ => C:\Users\Administrator\.stmcufinder\plugins\mcufinder
2023-09-30 20:48:51,990 [WARN] DbFile:35 - Overriding database path with different value: C:\Users\Administrator\.stmcufinder\plugins\mcufinder/ => C:\Users\Administrator\.stmcufinder\plugins\mcufinder
2023-09-30 20:48:51,990 [INFO] CrossReferenceDbSqlite:196 - Set database path to: C:\Users\Administrator\.stmcufinder\plugins\mcufinder//mcu/cs/
2023-09-30 20:48:51,990 [WARN] DbFile:35 - Overriding database path with different value: C:\Users\Administrator\.stmcufinder\plugins\mcufinder/ => C:\Users\Administrator\.stmcufinder\plugins\mcufinder
2023-09-30 20:48:51,991 [INFO] DbExamplesSqlite:767 - Set database path to: C:\Users\Administrator\.stmcufinder\plugins\mcufinder//mcu/
2023-09-30 20:48:52,008 [INFO] ApplicationProperties:181 - Using Application install path: C:\ST\STM32CubeIDE_1.7.0\STM32CubeIDE\plugins\com.st.stm32cube.common.mx_6.3.0.202107141111
2023-09-30 20:48:52,009 [INFO] PluginManage:188 - Search for loadable plugins [exclusion list=, ]
2023-09-30 20:48:52,010 [INFO] PluginManage:302 - Check plugin analytics
2023-09-30 20:48:52,156 [INFO] AnalyticsPlugin:257 - Accepted Software Licenses: 
2023-09-30 20:48:52,156 [INFO] AnalyticsPlugin:259 - Accepted CMSIS Pack Licenses: 
2023-09-30 20:48:52,156 [INFO] AnalyticsPlugin:261 - Accepted Firmware Licenses: 
2023-09-30 20:48:52,156 [INFO] PluginManage:352 - Loaded plugin analytics (category:tool,tabindex:-1)
2023-09-30 20:48:52,158 [INFO] PluginManage:302 - Check plugin clock
2023-09-30 20:48:52,168 [INFO] PluginManage:352 - Loaded plugin clock (category:base,tabindex:2)
2023-09-30 20:48:52,168 [INFO] PluginManage:302 - Check plugin ddr
2023-09-30 20:48:52,170 [INFO] PluginManage:352 - Loaded plugin ddr (category:tool,tabindex:6)
2023-09-30 20:48:52,170 [INFO] PluginManage:302 - Check plugin filemanager
2023-09-30 20:48:52,284 [INFO] PluginManage:352 - Loaded plugin filemanager (category:base,tabindex:10)
2023-09-30 20:48:52,285 [INFO] PluginManage:302 - Check plugin ipmanager
2023-09-30 20:48:52,292 [INFO] PluginManage:352 - Loaded plugin ipmanager (category:base,tabindex:5)
2023-09-30 20:48:52,292 [INFO] PluginManage:302 - Check plugin pinoutandconfiguration
2023-09-30 20:48:52,301 [INFO] PluginManage:352 - Loaded plugin pinoutandconfiguration (category:base,tabindex:1)
2023-09-30 20:48:52,301 [INFO] PluginManage:302 - Check plugin pinoutconfig
2023-09-30 20:48:52,326 [INFO] PluginManage:352 - Loaded plugin pinoutconfig (category:base,tabindex:0)
2023-09-30 20:48:52,327 [INFO] PluginManage:302 - Check plugin power
2023-09-30 20:48:52,361 [INFO] PluginManage:352 - Loaded plugin power (category:power,tabindex:4)
2023-09-30 20:48:52,361 [INFO] PluginManage:302 - Check plugin projectmanager
2023-09-30 20:48:52,377 [INFO] PluginManage:352 - Loaded plugin projectmanager (category:projectmanager,tabindex:3)
2023-09-30 20:48:52,377 [INFO] PluginManage:302 - Check plugin thirdparty
2023-09-30 20:48:52,491 [INFO] PluginManage:352 - Loaded plugin thirdparty (category:base,tabindex:-1)
2023-09-30 20:48:52,491 [WARN] IntegrityCheckThread:78 - waiting for thirdparty lock release [integrity check]
2023-09-30 20:48:52,491 [INFO] PluginManage:302 - Check plugin tools
2023-09-30 20:48:52,492 [INFO] IntegrityCheckThread:80 - entering critical section [integrity check]
2023-09-30 20:48:52,493 [INFO] ThirdPartyUpdaterWithRetryManager:66 - Updater plugin not ready yet. [1/15]
2023-09-30 20:48:52,494 [INFO] PluginManage:352 - Loaded plugin tools (category:base,tabindex:7)
2023-09-30 20:48:52,494 [INFO] PluginManage:302 - Check plugin tutovideos
2023-09-30 20:48:52,688 [INFO] PluginManage:352 - Loaded plugin tutovideos (category:base,tabindex:-1)
2023-09-30 20:48:52,688 [INFO] PluginManage:302 - Check plugin updater
2023-09-30 20:48:52,699 [INFO] PluginManage:352 - Loaded plugin updater (category:base,tabindex:12)
2023-09-30 20:48:52,699 [INFO] PluginManage:275 - PluginManage : Loaded plugins [13]
2023-09-30 20:48:52,892 [INFO] PinOutPanel:1463 - setPackage(No Configuration,No Configuration)
2023-09-30 20:48:52,978 [INFO] IPUIPlugin:74 - create IPUIPlugin
2023-09-30 20:48:52,978 [INFO] PluginManager:213 - loadIPPluginJar : add adc
2023-09-30 20:48:52,980 [INFO] IPUIPlugin:74 - create IPUIPlugin
2023-09-30 20:48:52,980 [INFO] PluginManager:213 - loadIPPluginJar : add aes
2023-09-30 20:48:52,982 [INFO] IPUIPlugin:74 - create IPUIPlugin
2023-09-30 20:48:52,983 [INFO] PluginManager:213 - loadIPPluginJar : add can
2023-09-30 20:48:52,984 [INFO] IPUIPlugin:74 - create IPUIPlugin
2023-09-30 20:48:52,984 [INFO] PluginManager:213 - loadIPPluginJar : add comp
2023-09-30 20:48:52,987 [INFO] IPUIPlugin:74 - create IPUIPlugin
2023-09-30 20:48:52,987 [INFO] PluginManager:213 - loadIPPluginJar : add cryp
2023-09-30 20:48:52,989 [INFO] IPUIPlugin:74 - create IPUIPlugin
2023-09-30 20:48:52,989 [INFO] PluginManager:213 - loadIPPluginJar : add dfsdm
2023-09-30 20:48:52,994 [INFO] IPUIPlugin:74 - create IPUIPlugin
2023-09-30 20:48:52,994 [INFO] PluginManager:213 - loadIPPluginJar : add dma
2023-09-30 20:48:52,996 [INFO] IPUIPlugin:74 - create IPUIPlugin
2023-09-30 20:48:52,996 [INFO] PluginManager:213 - loadIPPluginJar : add dma3
2023-09-30 20:48:52,998 [INFO] IPUIPlugin:74 - create IPUIPlugin
2023-09-30 20:48:52,998 [INFO] PluginManager:213 - loadIPPluginJar : add fatfs
2023-09-30 20:48:53,002 [INFO] IPUIPlugin:74 - create IPUIPlugin
2023-09-30 20:48:53,002 [INFO] PluginManager:213 - loadIPPluginJar : add fmc
2023-09-30 20:48:53,007 [INFO] IPUIPlugin:74 - create IPUIPlugin
2023-09-30 20:48:53,007 [INFO] PluginManager:213 - loadIPPluginJar : add freertos
2023-09-30 20:48:53,008 [INFO] IPUIPlugin:74 - create IPUIPlugin
2023-09-30 20:48:53,009 [INFO] PluginManager:213 - loadIPPluginJar : add genericplugin
2023-09-30 20:48:53,010 [INFO] IPUIPlugin:74 - create IPUIPlugin
2023-09-30 20:48:53,011 [INFO] PluginManager:213 - loadIPPluginJar : add gfxmmu
2023-09-30 20:48:53,015 [INFO] IPUIPlugin:74 - create IPUIPlugin
2023-09-30 20:48:53,016 [INFO] PluginManager:213 - loadIPPluginJar : add gic
2023-09-30 20:48:53,019 [INFO] IPUIPlugin:74 - create IPUIPlugin
2023-09-30 20:48:53,019 [INFO] PluginManager:213 - loadIPPluginJar : add gpio
2023-09-30 20:48:53,021 [INFO] IPUIPlugin:74 - create IPUIPlugin
2023-09-30 20:48:53,022 [INFO] PluginManager:213 - loadIPPluginJar : add gtzc
2023-09-30 20:48:53,023 [INFO] IPUIPlugin:74 - create IPUIPlugin
2023-09-30 20:48:53,024 [INFO] PluginManager:213 - loadIPPluginJar : add hash
2023-09-30 20:48:53,027 [INFO] IPUIPlugin:74 - create IPUIPlugin
2023-09-30 20:48:53,027 [INFO] PluginManager:213 - loadIPPluginJar : add i2c
2023-09-30 20:48:53,028 [INFO] IPUIPlugin:74 - create IPUIPlugin
2023-09-30 20:48:53,029 [INFO] PluginManager:213 - loadIPPluginJar : add i2s
2023-09-30 20:48:53,032 [INFO] IPUIPlugin:74 - create IPUIPlugin
2023-09-30 20:48:53,032 [INFO] PluginManager:213 - loadIPPluginJar : add ipddr
2023-09-30 20:48:53,037 [INFO] IPUIPlugin:74 - create IPUIPlugin
2023-09-30 20:48:53,037 [INFO] PluginManager:213 - loadIPPluginJar : add linkedlist
2023-09-30 20:48:53,040 [INFO] IPUIPlugin:74 - create IPUIPlugin
2023-09-30 20:48:53,040 [INFO] PluginManager:213 - loadIPPluginJar : add lorawan
2023-09-30 20:48:53,042 [INFO] IPUIPlugin:74 - create IPUIPlugin
2023-09-30 20:48:53,042 [INFO] PluginManager:213 - loadIPPluginJar : add ltdc
2023-09-30 20:48:53,045 [INFO] IPUIPlugin:74 - create IPUIPlugin
2023-09-30 20:48:53,045 [INFO] PluginManager:213 - loadIPPluginJar : add mdma
2023-09-30 20:48:53,048 [INFO] IPUIPlugin:74 - create IPUIPlugin
2023-09-30 20:48:53,048 [INFO] PluginManager:213 - loadIPPluginJar : add nvic
2023-09-30 20:48:53,050 [INFO] IPUIPlugin:74 - create IPUIPlugin
2023-09-30 20:48:53,051 [INFO] PluginManager:213 - loadIPPluginJar : add opamp
2023-09-30 20:48:53,053 [INFO] IPUIPlugin:74 - create IPUIPlugin
2023-09-30 20:48:53,053 [INFO] PluginManager:213 - loadIPPluginJar : add openamp
2023-09-30 20:48:53,056 [INFO] IPUIPlugin:74 - create IPUIPlugin
2023-09-30 20:48:53,056 [INFO] PluginManager:213 - loadIPPluginJar : add pdm2pcm
2023-09-30 20:48:53,062 [INFO] IPUIPlugin:74 - create IPUIPlugin
2023-09-30 20:48:53,065 [INFO] PluginManager:213 - loadIPPluginJar : add plateformsettings
2023-09-30 20:48:53,066 [INFO] IPUIPlugin:74 - create IPUIPlugin
2023-09-30 20:48:53,066 [INFO] PluginManager:213 - loadIPPluginJar : add quadspi
2023-09-30 20:48:53,070 [INFO] IPUIPlugin:74 - create IPUIPlugin
2023-09-30 20:48:53,070 [INFO] PluginManager:213 - loadIPPluginJar : add resmgrutility
2023-09-30 20:48:53,073 [INFO] IPUIPlugin:74 - create IPUIPlugin
2023-09-30 20:48:53,073 [INFO] PluginManager:213 - loadIPPluginJar : add sai
2023-09-30 20:48:53,075 [INFO] IPUIPlugin:74 - create IPUIPlugin
2023-09-30 20:48:53,075 [INFO] PluginManager:213 - loadIPPluginJar : add spi
2023-09-30 20:48:53,079 [INFO] IPUIPlugin:74 - create IPUIPlugin
2023-09-30 20:48:53,079 [INFO] PluginManager:213 - loadIPPluginJar : add stm32_wpan
2023-09-30 20:48:53,081 [INFO] IPUIPlugin:74 - create IPUIPlugin
2023-09-30 20:48:53,081 [INFO] PluginManager:213 - loadIPPluginJar : add tim
2023-09-30 20:48:53,104 [INFO] IPUIPlugin:74 - create IPUIPlugin
2023-09-30 20:48:53,105 [INFO] PluginManager:213 - loadIPPluginJar : add touchsensing
2023-09-30 20:48:53,147 [INFO] IPUIPlugin:74 - create IPUIPlugin
2023-09-30 20:48:53,148 [INFO] PluginManager:213 - loadIPPluginJar : add tracer_emb
2023-09-30 20:48:53,165 [INFO] IPUIPlugin:74 - create IPUIPlugin
2023-09-30 20:48:53,165 [INFO] PluginManager:213 - loadIPPluginJar : add ts
2023-09-30 20:48:53,167 [INFO] IPUIPlugin:74 - create IPUIPlugin
2023-09-30 20:48:53,167 [INFO] PluginManager:213 - loadIPPluginJar : add tsc
2023-09-30 20:48:53,169 [INFO] IPUIPlugin:74 - create IPUIPlugin
2023-09-30 20:48:53,170 [INFO] PluginManager:213 - loadIPPluginJar : add ucpd
2023-09-30 20:48:53,173 [INFO] IPUIPlugin:74 - create IPUIPlugin
2023-09-30 20:48:53,173 [INFO] PluginManager:213 - loadIPPluginJar : add usart
2023-09-30 20:48:53,175 [INFO] IPUIPlugin:74 - create IPUIPlugin
2023-09-30 20:48:53,176 [INFO] PluginManager:213 - loadIPPluginJar : add usbx
2023-09-30 20:48:53,550 [FATAL] Updater:294 - Updater called before beeing initialized
2023-09-30 20:48:53,662 [FATAL] Updater:294 - Updater called before beeing initialized
2023-09-30 20:48:53,666 [INFO] DbMcusAds:47 - JSON generation date=Tue Mar 07 15:50:55 ICT 2023 (1678179055114)
2023-09-30 20:48:53,666 [FATAL] Updater:294 - Updater called before beeing initialized
2023-09-30 20:48:53,701 [WARN] DetailPanel:314 - Failed to get advertising image, set to default
2023-09-30 20:48:53,811 [FATAL] Updater:294 - Updater called before beeing initialized
2023-09-30 20:48:53,812 [FATAL] Updater:294 - Updater called before beeing initialized
2023-09-30 20:48:53,813 [FATAL] Updater:294 - Updater called before beeing initialized
2023-09-30 20:48:53,813 [WARN] DetailPanel:314 - Failed to get advertising image, set to default
2023-09-30 20:48:53,814 [FATAL] Updater:294 - Updater called before beeing initialized
2023-09-30 20:48:53,864 [ERROR] Updater:1075 - MainUpdater not yet initialized. External WinMGr cannot be set.
2023-09-30 20:48:53,866 [INFO] Updater:1012 - Updater Version found : 6.3.0
2023-09-30 20:48:53,884 [INFO] ApplicationProperties:181 - Using Application install path: C:\ST\STM32CubeIDE_1.7.0\STM32CubeIDE\plugins\com.st.stm32cube.common.mx_6.3.0.202107141111
2023-09-30 20:48:54,373 [INFO] MainUpdater:2671 - connection check result : 10
2023-09-30 20:48:54,375 [INFO] MainUpdater:265 - Updater Check For Update Now.
2023-09-30 20:48:54,375 [INFO] MicroXplorer:478 - Change Database Version : DB.6.0.30
2023-09-30 20:48:54,531 [INFO] CheckServerUpdateThread:112 - End of CheckServer Thread
2023-09-30 20:48:54,605 [INFO] MainUpdater:2671 - connection check result : 10
2023-09-30 20:48:54,840 [INFO] McuFinderGlobals:52 - Set McuFinderConnectedMode to false
2023-09-30 20:48:54,935 [INFO] CrossSelectorPresenter:1330 - Cross Selector saved comparison directory: C:\Users\Administrator\.stmcufinder\plugins\mcufinder\mcu\cs_comparisons_mx
2023-09-30 20:48:54,940 [INFO] MultiScanPanel:197 - Auto-refresh data requested => check proxy status ongoing
2023-09-30 20:48:54,940 [INFO] MultiScanPanel:201 - Proxy status is invalid
2023-09-30 20:48:54,943 [INFO] FinderPluginLoader:87 - Searching for filters in installed packs
2023-09-30 20:48:54,944 [INFO] DbMcusXml:100 - Load MCU database from C:\ST\STM32CubeIDE_1.7.0\STM32CubeIDE\plugins\com.st.stm32cube.common.mx_6.3.0.202107141111\\db\/mcu/families.xml
2023-09-30 20:48:55,646 [ERROR] Engine:463 - C:\Users\Administrator\.stm32cubemx\thirdparties\pdsc\STMicroelectronics.X-CUBE-SMBUS.2.1.0.pdsc: PDSC version is not supported
2023-09-30 20:48:55,700 [WARN] PackLoader:238 - Cannot read IP mode file for STMicroelectronics.X-CUBE-AZRTOS-F7.1.1.0
2023-09-30 20:48:55,725 [ERROR] Engine:463 - C:\Users\Administrator\.stm32cubemx\thirdparties\pdsc\STMicroelectronics.FP-SNS-MOTENV1.4.3.2.pdsc: PDSC version is not supported
2023-09-30 20:48:55,727 [ERROR] Engine:463 - C:\Users\Administrator\.stm32cubemx\thirdparties\pdsc\STMicroelectronics.FP-SNS-FLIGHT1.5.0.2.pdsc: PDSC version is not supported
2023-09-30 20:48:55,731 [ERROR] Engine:463 - C:\Users\Administrator\.stm32cubemx\thirdparties\pdsc\STMicroelectronics.X-CUBE-DISPLAY.3.0.0.pdsc: PDSC version is not supported
2023-09-30 20:48:55,745 [WARN] PackLoader:238 - Cannot read IP mode file for STMicroelectronics.X-CUBE-BLE1.7.0.0
2023-09-30 20:48:55,751 [ERROR] Engine:463 - C:\Users\Administrator\.stm32cubemx\thirdparties\pdsc\emotas.I-CUBE-CANOPEN.1.3.0.pdsc: PDSC version is not supported
2023-09-30 20:48:55,798 [WARN] PackLoader:238 - Cannot read IP mode file for STMicroelectronics.X-CUBE-TOUCHGFX.4.22.0
2023-09-30 20:48:55,801 [ERROR] Engine:463 - C:\Users\Administrator\.stm32cubemx\thirdparties\pdsc\STMicroelectronics.FP-SNS-SMARTAG2.1.2.0.pdsc: PDSC version is not supported
2023-09-30 20:48:55,815 [INFO] LogOutputStream:76 - [STDOUT_REDIRECT] 1 : Invalid condition id : UX_CORESTACK_Condition cause : null
2023-09-30 20:48:55,817 [INFO] LogOutputStream:76 - [STDOUT_REDIRECT] 1 : Invalid condition id : UX_CORESTACK_Condition cause : null
2023-09-30 20:48:55,818 [INFO] LogOutputStream:76 - [STDOUT_REDIRECT] 1 : Invalid condition id : UX_CORESTACK_Condition cause : null
2023-09-30 20:48:55,819 [INFO] LogOutputStream:76 - [STDOUT_REDIRECT] 1 : Invalid condition id : UX_CORESTACK_Condition cause : null
2023-09-30 20:48:55,820 [INFO] LogOutputStream:76 - [STDOUT_REDIRECT] 1 : Invalid condition id : UX_CORESTACK_Condition cause : null
2023-09-30 20:48:55,824 [WARN] PackLoader:238 - Cannot read IP mode file for STMicroelectronics.X-CUBE-AZRTOS-WL.2.0.0
2023-09-30 20:48:55,835 [WARN] PackLoader:238 - Cannot read IP mode file for WES.I-CUBE-Cesium.1.3.0
2023-09-30 20:48:55,840 [WARN] PackLoader:238 - Cannot read IP mode file for STMicroelectronics.X-CUBE-BLE2.3.3.0
2023-09-30 20:48:55,847 [WARN] PackLoader:238 - Cannot read IP mode file for STMicroelectronics.X-CUBE-ALGOBUILD.1.3.0
2023-09-30 20:48:55,847 [INFO] DbMcusJson:93 - JSON generation date=Tue Nov 16 23:17:54 ICT 2021 (1637079474)
2023-09-30 20:48:55,876 [WARN] PackLoader:238 - Cannot read IP mode file for STMicroelectronics.X-CUBE-AZRTOS-G0.1.1.0
2023-09-30 20:48:55,910 [WARN] PackLoader:238 - Cannot read IP mode file for STMicroelectronics.X-CUBE-NFC4.3.0.0
2023-09-30 20:48:55,915 [WARN] PackLoader:238 - Cannot read IP mode file for STMicroelectronics.FP-ATR-SIGFOX1.3.2.0
2023-09-30 20:48:55,949 [WARN] PackLoader:238 - Cannot read IP mode file for SEGGER.I-CUBE-embOS.1.3.1
2023-09-30 20:48:56,024 [WARN] PackLoader:238 - Cannot read IP mode file for STMicroelectronics.X-CUBE-GNSS1.6.0.0
2023-09-30 20:48:56,046 [WARN] PackLoader:238 - Cannot read IP mode file for STMicroelectronics.X-CUBE-AZRTOS-F4.1.1.0
2023-09-30 20:48:56,057 [WARN] PackLoader:238 - Cannot read IP mode file for wolfSSL.I-CUBE-wolfSSL.5.6.3
2023-09-30 20:48:56,085 [WARN] PackLoader:238 - Cannot read IP mode file for STMicroelectronics.X-CUBE-AZRTOS-L5.2.0.0
2023-09-30 20:48:56,137 [WARN] PackLoader:238 - Cannot read IP mode file for STMicroelectronics.X-CUBE-MEMS1.9.6.0
2023-09-30 20:48:56,383 [WARN] PackLoader:238 - Cannot read IP mode file for STMicroelectronics.X-CUBE-BLEMGR.2.0.0
2023-09-30 20:48:56,408 [WARN] ConditionMgr:437 - getConditionDescription Invalid condition id : UX DEVICE CLASS RTOS Condition cause : null
2023-09-30 20:48:56,409 [WARN] ConditionMgr:437 - getConditionDescription Invalid condition id : UX DEVICE CLASS RTOS Condition cause : null
2023-09-30 20:48:56,414 [WARN] PackLoader:238 - Cannot read IP mode file for STMicroelectronics.X-CUBE-AZRTOS-H7.3.1.0
2023-09-30 20:48:56,415 [WARN] ConditionMgr:1038 - genDependencies : Invalid condition id : UX DEVICE CLASS RTOS Condition cause : null
2023-09-30 20:48:56,416 [WARN] ConditionMgr:1038 - genDependencies : Invalid condition id : UX DEVICE CLASS RTOS Condition cause : null
2023-09-30 20:48:56,417 [WARN] ConditionMgr:1038 - genDependencies : Invalid condition id : UX DEVICE CLASS RTOS Condition cause : null
2023-09-30 20:48:56,417 [WARN] ConditionMgr:1038 - genDependencies : Invalid condition id : UX DEVICE CLASS RTOS Condition cause : null
2023-09-30 20:48:56,418 [WARN] ConditionMgr:1038 - genDependencies : Invalid condition id : UX DEVICE CLASS RTOS Condition cause : null
2023-09-30 20:48:56,425 [WARN] PackLoader:238 - Cannot read IP mode file for STMicroelectronics.X-CUBE-NFC7.1.0.1
2023-09-30 20:48:56,434 [WARN] PackLoader:238 - Cannot read IP mode file for STMicroelectronics.X-CUBE-NFC6.3.0.0
2023-09-30 20:48:56,443 [WARN] PackLoader:238 - Cannot read IP mode file for STMicroelectronics.X-CUBE-EEPRMA1.4.1.0
2023-09-30 20:48:56,484 [WARN] PackLoader:238 - Cannot read IP mode file for STMicroelectronics.X-CUBE-AI.8.1.0
2023-09-30 20:48:56,510 [WARN] ConditionMgr:437 - getConditionDescription Invalid condition id : LAN8742 Phy interface Condition cause : null
2023-09-30 20:48:56,511 [WARN] PackLoader:238 - Cannot read IP mode file for STMicroelectronics.X-CUBE-AZRTOS-L4.2.0.0
2023-09-30 20:48:56,514 [WARN] ConditionMgr:1038 - genDependencies : Invalid condition id : LAN8742 Phy interface Condition cause : null
2023-09-30 20:48:56,514 [WARN] ConditionMgr:1038 - genDependencies : Invalid condition id : LAN8742 Phy interface Condition cause : null
2023-09-30 20:48:56,514 [WARN] ConditionMgr:1038 - genDependencies : Invalid condition id : LAN8742 Phy interface Condition cause : null
2023-09-30 20:48:56,528 [WARN] PackLoader:238 - Cannot read IP mode file for STMicroelectronics.X-CUBE-SFXS2LP1.4.0.0
2023-09-30 20:48:56,533 [WARN] PackLoader:238 - Cannot read IP mode file for STMicroelectronics.X-CUBE-ISPU.1.1.0
2023-09-30 20:48:56,547 [WARN] ConditionMgr:437 - getConditionDescription Invalid condition id : UX DEVICE CLASS RTOS Condition cause : null
2023-09-30 20:48:56,548 [WARN] ConditionMgr:437 - getConditionDescription Invalid condition id : UX DEVICE CLASS RTOS Condition cause : null
2023-09-30 20:48:56,550 [WARN] PackLoader:238 - Cannot read IP mode file for STMicroelectronics.X-CUBE-AZRTOS-WB.2.0.0
2023-09-30 20:48:56,550 [WARN] ConditionMgr:1038 - genDependencies : Invalid condition id : UX DEVICE CLASS RTOS Condition cause : null
2023-09-30 20:48:56,550 [WARN] ConditionMgr:1038 - genDependencies : Invalid condition id : UX DEVICE CLASS RTOS Condition cause : null
2023-09-30 20:48:56,551 [WARN] ConditionMgr:1038 - genDependencies : Invalid condition id : UX DEVICE CLASS RTOS Condition cause : null
2023-09-30 20:48:56,551 [WARN] ConditionMgr:1038 - genDependencies : Invalid condition id : UX DEVICE CLASS RTOS Condition cause : null
2023-09-30 20:48:56,551 [WARN] ConditionMgr:1038 - genDependencies : Invalid condition id : UX DEVICE CLASS RTOS Condition cause : null
2023-09-30 20:48:56,562 [WARN] PackLoader:238 - Cannot read IP mode file for STMicroelectronics.X-CUBE-SUBG2.5.0.0
2023-09-30 20:48:56,572 [ERROR] Engine:463 - C:\Users\Administrator\.stm32cubemx\thirdparties\pdsc\STMicroelectronics.X-CUBE-TOF1.3.3.1.pdsc: PDSC version is not supported
2023-09-30 20:48:56,587 [WARN] PackLoader:238 - Cannot read IP mode file for STMicroelectronics.X-CUBE-AZRTOS-G4.2.0.0
2023-09-30 20:48:56,591 [ERROR] Engine:463 - C:\Users\Administrator\.stm32cubemx\thirdparties\pdsc\STMicroelectronics.X-CUBE-FREERTOS.1.1.0.pdsc: PDSC version is not supported
2023-09-30 20:48:56,597 [WARN] PackLoader:238 - Cannot read IP mode file for portGmbH.I-Cube-SoM-uGOAL.1.1.0
2023-09-30 20:48:56,600 [WARN] PackLoader:238 - Cannot read IP mode file for STMicroelectronics.X-CUBE-ALS.1.0.1
2023-09-30 20:48:56,602 [INFO] DbMcus:175 - Found 1951 MCUs (1903 are supported by CubeMX, 1914 are visible in CubeMX)
2023-09-30 20:48:56,602 [INFO] ApiDb:251 - Load user favorites file C:\Users\Administrator/.stm32cubeide/favorites.mcus.txt: 0 item(s)
2023-09-30 20:48:56,603 [INFO] ApiDb:255 - User favorites MCUs=[]
2023-09-30 20:48:56,603 [INFO] DbMcus:187 - Set 0 / 0 favorites MCUs
2023-09-30 20:48:56,603 [WARN] PackLoader:238 - Cannot read IP mode file for STMicroelectronics.FP-ATR-ASTRA1.2.0.0
2023-09-30 20:48:56,604 [INFO] ThirdParty:915 - Integrity check success = true
2023-09-30 20:48:56,604 [INFO] IntegrityCheckThread:94 - exiting critical section [integrity check]
2023-09-30 20:48:56,604 [INFO] IntegrityCheckThread:97 - End integrity checks thread
2023-09-30 20:48:57,078 [INFO] DetailPanel:309 - Set advertising image to C:/Users/Administrator/STM32Cube/Repository/\en.prom-stm32h5-mcu-finder.jpg
2023-09-30 20:48:57,473 [INFO] DbBoardsPdsc:90 - Found 25 items
2023-09-30 20:48:57,474 [INFO] DbBoardsPdsc:90 - Found 9 items
2023-09-30 20:48:57,478 [INFO] DbBoardsPdsc:90 - Found 33 items
2023-09-30 20:48:57,478 [INFO] DbBoardsPdsc:90 - Found 1 items
2023-09-30 20:48:57,485 [INFO] DbBoardsPdsc:90 - Found 48 items
2023-09-30 20:48:57,494 [INFO] DbBoardsPdsc:90 - Found 43 items
2023-09-30 20:48:57,495 [INFO] DbBoardsPdsc:90 - Found 2 items
2023-09-30 20:48:57,497 [INFO] DbBoardsPdsc:90 - Found 5 items
2023-09-30 20:48:57,502 [WARN] DbBoardsPdsc:254 - Board STM32H7B3I-DK: unknown feature type=Audio, name=, username=Audio stereo codec with Headphone Amp (CS42L51-CNZ), n=1
2023-09-30 20:48:57,503 [WARN] DbBoardsPdsc:254 - Board STM32H735G-DK: unknown feature type=Audio, name=, username=Audio stereo codec with Headphone Amp (WM8994ECS/R), n=1
2023-09-30 20:48:57,505 [WARN] DbBoardsPdsc:254 - Board STM32H7B3I-EVAL: unknown feature type=Audio, name=, username=Multi-Channel Audio Codec (CS42L51-CNZ), n=1
2023-09-30 20:48:57,505 [WARN] DbBoardsPdsc:254 - Board STM32H7B3I-EVAL: unknown feature type=Meter, name=, username=Power-metering and Temperature-monitoring with sigma-delta modulators, n=1
2023-09-30 20:48:57,505 [WARN] DbBoardsPdsc:254 - Board STM32H7B3I-EVAL: unknown feature type=Motor, name=, username=Motor Control, n=1
2023-09-30 20:48:57,506 [WARN] DbBoardsPdsc:254 - Board STM32U575I-EV: unknown feature type=joystick, name=, username=4-direction joystick with selection button, n=1
2023-09-30 20:48:57,528 [INFO] DbBoardsJson:86 - JSON generation date=Tue Nov 16 23:17:54 ICT 2021 (1637079474)
2023-09-30 20:48:57,535 [INFO] DbBoards:117 - Found 167 boards (163 are supported by CubeMX)
2023-09-30 20:48:57,538 [INFO] DbBoardsDocs:143 - JSON generation date=Tue Nov 16 23:17:54 ICT 2021 (1637079474)
2023-09-30 20:48:57,542 [INFO] DbBoardsDocs:79 - Found 209 boards documents
2023-09-30 20:48:57,542 [WARN] DbBoards:127 - board B-L475E-IOT01A2 has no document id list !
2023-09-30 20:48:57,544 [WARN] DbBoards:127 - board NUCLEO-H743ZI has no document id list !
2023-09-30 20:48:57,545 [WARN] DbBoards:127 - board NUCLEO-WL55JC2 has no document id list !
2023-09-30 20:48:57,545 [WARN] DbBoards:127 - board P-NUCLEO-WB55-Nucleo has no document id list !
2023-09-30 20:48:57,545 [WARN] DbBoards:127 - board P-NUCLEO-WB55-USBDongle has no document id list !
2023-09-30 20:48:57,545 [WARN] DbBoards:127 - board STEVAL-BFA001V1B has no document id list !
2023-09-30 20:48:57,545 [WARN] DbBoards:127 - board STEVAL-BFA001V2B has no document id list !
2023-09-30 20:48:57,545 [WARN] DbBoards:127 - board STEVAL-IDP005V1 has no document id list !
2023-09-30 20:48:57,545 [WARN] DbBoards:127 - board STEVAL-IDP005V2 has no document id list !
2023-09-30 20:48:57,545 [WARN] DbBoards:127 - board STEVAL-MKSBOX1V1 has no document id list !
2023-09-30 20:48:57,545 [WARN] DbBoards:127 - board STEVAL-STWINKT1 has no document id list !
2023-09-30 20:48:57,545 [WARN] DbBoards:127 - board STEVAL-STWINKT1B has no document id list !
2023-09-30 20:48:57,546 [WARN] DbBoards:127 - board STM32439I-EVAL2 has no document id list !
2023-09-30 20:48:57,546 [WARN] DbBoards:127 - board STM32F401C-DISCO has no document id list !
2023-09-30 20:48:57,547 [WARN] DbBoards:127 - board STM32F769I-DISC1 has no document id list !
2023-09-30 20:48:57,547 [WARN] DbBoards:127 - board STM32G474E-EVAL1 has no document id list !
2023-09-30 20:48:57,547 [WARN] DbBoards:127 - board STM32H743I-EVAL2 has no document id list !
2023-09-30 20:48:57,547 [WARN] DbBoards:127 - board STM32H747I-DISC1 has no document id list !
2023-09-30 20:48:57,548 [WARN] DbBoards:127 - board STM32H753I-EVAL2 has no document id list !
2023-09-30 20:48:57,548 [WARN] DbBoards:127 - board STM32L-DISCOVERY has no document id list !
2023-09-30 20:48:57,689 [ERROR] DbBoards:189 - Image file not found for board B-U585I-IOT02A: C:\ST\STM32CubeIDE_1.7.0\STM32CubeIDE\plugins\com.st.stm32cube.common.mx_6.3.0.202107141111\\db\/plugins/mcufinder/images/boards/B-U585I-IOT02A_small.jpg
2023-09-30 20:48:57,803 [ERROR] DbBoards:189 - Image file not found for board NUCLEO-F413ZH: C:\ST\STM32CubeIDE_1.7.0\STM32CubeIDE\plugins\com.st.stm32cube.common.mx_6.3.0.202107141111\\db\/plugins/mcufinder/images/boards/nucleo-f413zh_small.jpg
2023-09-30 20:48:58,018 [ERROR] DbBoards:189 - Image file not found for board NUCLEO-L552ZE-Q: C:\ST\STM32CubeIDE_1.7.0\STM32CubeIDE\plugins\com.st.stm32cube.common.mx_6.3.0.202107141111\\db\/plugins/mcufinder/images/boards/nucleo_l552ze_q_small.jpg
2023-09-30 20:48:58,018 [ERROR] DbBoards:189 - Image file not found for board NUCLEO-U575ZI-Q: C:\ST\STM32CubeIDE_1.7.0\STM32CubeIDE\plugins\com.st.stm32cube.common.mx_6.3.0.202107141111\\db\/plugins/mcufinder/images/boards/nucleo-u575zi-q_small.jpg
2023-09-30 20:48:58,018 [ERROR] DbBoards:189 - Image file not found for board NUCLEO-WB15CC: C:\ST\STM32CubeIDE_1.7.0\STM32CubeIDE\plugins\com.st.stm32cube.common.mx_6.3.0.202107141111\\db\/plugins/mcufinder/images/boards/nucleo-wb15cc_small.jpg
2023-09-30 20:48:58,019 [ERROR] DbBoards:189 - Image file not found for board NUCLEO-WB55RG: C:\ST\STM32CubeIDE_1.7.0\STM32CubeIDE\plugins\com.st.stm32cube.common.mx_6.3.0.202107141111\\db\/plugins/mcufinder/images/boards/nucleo-wb55rg_small.jpg
2023-09-30 20:48:59,268 [INFO] ApiDb:251 - Load user favorites file C:\Users\Administrator/.stm32cubeide/favorites.boards.txt: 0 item(s)
2023-09-30 20:48:59,268 [INFO] ApiDb:255 - User favorites Boards=[]
2023-09-30 20:48:59,268 [INFO] DbBoards:206 - Set 0 / 0 favorites Boards
2023-09-30 20:49:15,838 [INFO] DbMcusDocs:143 - JSON generation date=Tue Nov 16 23:17:54 ICT 2021 (1637079474)
2023-09-30 20:49:16,180 [INFO] DbMcusDocs:79 - Found 682 MCUs documents
2023-09-30 20:50:04,688 [INFO] MainUpdater:2671 - connection check result : 10
2023-09-30 20:50:04,688 [INFO] MainUpdater:2671 - connection check result : 10
2023-09-30 20:50:04,738 [INFO] MicroXplorer:448 - Change Database Path : 
2023-09-30 20:50:04,738 [INFO] MicroXplorer:478 - Change Database Version : DB.6.0.30
2023-09-30 20:50:04,739 [WARN] ThirdParty:813 - waiting for thirdparty lock release [close project]
2023-09-30 20:50:04,739 [INFO] ThirdParty:815 - entering critical section [close project]
2023-09-30 20:50:04,740 [INFO] ThirdParty:825 - exiting critical section [close project]
2023-09-30 20:50:04,745 [INFO] PinOutPanel:1463 - setPackage(No Configuration,No Configuration)
2023-09-30 20:50:04,746 [INFO] UtilMem:74 - Begin LoadConfig() Used Memory: 563948448 Bytes (644874240)
2023-09-30 20:50:04,747 [INFO] MicroXplorer:448 - Change Database Path : 
2023-09-30 20:50:04,747 [INFO] MicroXplorer:478 - Change Database Version : DB.6.0.30
2023-09-30 20:50:04,747 [INFO] OpenFileManager:313 - Change cursor
2023-09-30 20:50:05,497 [INFO] Context:592 - Trying to add GPIOservice into a context  which must be forbidden
2023-09-30 20:50:05,767 [INFO] ImportTextPane:167 - (OptionalMessage_ERROR) Unable to find key (Mcu.ThirdPartyNb) in loaded IOC file
2023-09-30 20:50:05,767 [INFO] ImportTextPane:167 - (OptionalMessage_ERROR) Unable to find key (Mcu.PinsNb) in loaded IOC file
2023-09-30 20:50:05,767 [INFO] ImportTextPane:167 - (OptionalMessage_ERROR) Unable to find key (Mcu.IPNb) in loaded IOC file
2023-09-30 20:50:05,821 [WARN] ApiManager:304 - Cannot register API 'Board Extension:GNSS1A1' from pack STMicroelectronics.X-CUBE-GNSS1.6.0.0: no header file found
2023-09-30 20:50:05,821 [WARN] ApiManager:304 - Cannot register API 'Board Support:Custom' from pack STMicroelectronics.X-CUBE-GNSS1.6.0.0: no header file found
2023-09-30 20:50:05,821 [WARN] ApiManager:304 - Cannot register API 'Data Exchange:lib_gnss' from pack STMicroelectronics.X-CUBE-GNSS1.6.0.0: no header file found
2023-09-30 20:50:05,827 [WARN] ApiManager:304 - Cannot register API 'Wireless:BlueNRG-MS' from pack STMicroelectronics.X-CUBE-BLE1.7.0.0: no header file found
2023-09-30 20:50:05,831 [WARN] ModelIntegratedComponent:60 - No mode defined for component null
2023-09-30 20:50:05,831 [WARN] ModelIntegratedComponent:60 - No mode defined for component null
2023-09-30 20:50:05,832 [WARN] ModelIntegratedComponent:60 - No mode defined for component null
2023-09-30 20:50:05,832 [WARN] ModelIntegratedComponent:60 - No mode defined for component null
2023-09-30 20:50:05,832 [WARN] ModelIntegratedComponent:60 - No mode defined for component null
2023-09-30 20:50:05,832 [WARN] ModelIntegratedComponent:60 - No mode defined for component null
2023-09-30 20:50:05,832 [WARN] ModelIntegratedComponent:60 - No mode defined for component null
2023-09-30 20:50:05,832 [WARN] ModelIntegratedComponent:60 - No mode defined for component null
2023-09-30 20:50:05,832 [WARN] ModelIntegratedComponent:60 - No mode defined for component null
2023-09-30 20:50:05,832 [WARN] ModelIntegratedComponent:60 - No mode defined for component null
2023-09-30 20:50:05,832 [WARN] ModelIntegratedComponent:60 - No mode defined for component null
2023-09-30 20:50:05,832 [WARN] ModelIntegratedComponent:60 - No mode defined for component null
2023-09-30 20:50:05,833 [WARN] ModelIntegratedComponent:60 - No mode defined for component null
2023-09-30 20:50:05,833 [WARN] ModelIntegratedComponent:60 - No mode defined for component null
2023-09-30 20:50:05,833 [WARN] ModelIntegratedComponent:60 - No mode defined for component null
2023-09-30 20:50:05,833 [WARN] ModelIntegratedComponent:60 - No mode defined for component null
2023-09-30 20:50:05,833 [WARN] ModelIntegratedComponent:60 - No mode defined for component null
2023-09-30 20:50:05,833 [WARN] ModelIntegratedComponent:60 - No mode defined for component null
2023-09-30 20:50:05,833 [WARN] ModelIntegratedComponent:60 - No mode defined for component null
2023-09-30 20:50:05,833 [WARN] ModelIntegratedComponent:60 - No mode defined for component null
2023-09-30 20:50:05,833 [WARN] ModelIntegratedComponent:60 - No mode defined for component null
2023-09-30 20:50:05,833 [WARN] ModelIntegratedComponent:60 - No mode defined for component null
2023-09-30 20:50:05,833 [WARN] ModelIntegratedComponent:60 - No mode defined for component null
2023-09-30 20:50:05,833 [WARN] ModelIntegratedComponent:60 - No mode defined for component null
2023-09-30 20:50:05,833 [WARN] ModelIntegratedComponent:60 - No mode defined for component null
2023-09-30 20:50:05,834 [WARN] ModelIntegratedComponent:60 - No mode defined for component null
2023-09-30 20:50:05,834 [WARN] ModelIntegratedComponent:60 - No mode defined for component null
2023-09-30 20:50:05,834 [WARN] ModelIntegratedComponent:60 - No mode defined for component null
2023-09-30 20:50:05,834 [WARN] ModelIntegratedComponent:60 - No mode defined for component null
2023-09-30 20:50:05,834 [WARN] ModelIntegratedComponent:60 - No mode defined for component null
2023-09-30 20:50:05,834 [WARN] ModelIntegratedComponent:60 - No mode defined for component null
2023-09-30 20:50:05,837 [WARN] ApiManager:304 - Cannot register API 'Board Extension:NFC07A1' from pack STMicroelectronics.X-CUBE-NFC7.1.0.1: no header file found
2023-09-30 20:50:05,842 [WARN] ApiManager:304 - Cannot register API 'Board Extension:NFC06A1' from pack STMicroelectronics.X-CUBE-NFC6.3.0.0: no header file found
2023-09-30 20:50:05,843 [WARN] ApiManager:304 - Cannot register API 'Board Extension:NFC08A1' from pack STMicroelectronics.X-CUBE-NFC6.3.0.0: no header file found
2023-09-30 20:50:05,845 [WARN] ApiManager:304 - Cannot register API 'Board Extension:EEPRMA1' from pack STMicroelectronics.X-CUBE-EEPRMA1.4.1.0: no header file found
2023-09-30 20:50:05,845 [WARN] ApiManager:304 - Cannot register API 'Board Extension:EEPRMA2' from pack STMicroelectronics.X-CUBE-EEPRMA1.4.1.0: no header file found
2023-09-30 20:50:05,845 [WARN] ApiManager:304 - Cannot register API 'Board Extension:PGEEZ1' from pack STMicroelectronics.X-CUBE-EEPRMA1.4.1.0: no header file found
2023-09-30 20:50:05,846 [WARN] ApiManager:304 - Cannot register API 'Board Part:M24' from pack STMicroelectronics.X-CUBE-EEPRMA1.4.1.0: no header file found
2023-09-30 20:50:05,846 [WARN] ApiManager:304 - Cannot register API 'Board Part:M95' from pack STMicroelectronics.X-CUBE-EEPRMA1.4.1.0: no header file found
2023-09-30 20:50:05,846 [WARN] ApiManager:304 - Cannot register API 'Board Part:M95P32' from pack STMicroelectronics.X-CUBE-EEPRMA1.4.1.0: no header file found
2023-09-30 20:50:05,846 [WARN] ApiManager:304 - Cannot register API 'PGEEZ1:SPI' from pack STMicroelectronics.X-CUBE-EEPRMA1.4.1.0: no header file found
2023-09-30 20:50:05,846 [WARN] ApiManager:304 - Cannot register API 'PGEEZ1:QDSPI' from pack STMicroelectronics.X-CUBE-EEPRMA1.4.1.0: no header file found
2023-09-30 20:50:06,108 [WARN] ApiManager:304 - Cannot register API 'Board Extension:IKS01A3' from pack STMicroelectronics.X-CUBE-MEMS1.9.6.0: no header file found
2023-09-30 20:50:06,108 [WARN] ApiManager:304 - Cannot register API 'Board Extension:IKS01A2' from pack STMicroelectronics.X-CUBE-MEMS1.9.6.0: no header file found
2023-09-30 20:50:06,108 [WARN] ApiManager:304 - Cannot register API 'Board Extension:IKS02A1' from pack STMicroelectronics.X-CUBE-MEMS1.9.6.0: no header file found
2023-09-30 20:50:06,125 [INFO] RtosManager:484 - Registered RTOS mode: class=CMSIS, group=RTOS, mode=CMSIS_V1, owner=FREERTOS
2023-09-30 20:50:06,126 [INFO] RtosManager:484 - Registered RTOS mode: class=CMSIS, group=RTOS2, mode=CMSIS_V2, owner=FREERTOS
2023-09-30 20:50:06,126 [INFO] RtosManager:484 - Registered RTOS mode: class=RTOS, group=Core, mode=CMSIS_V1, owner=FREERTOS
2023-09-30 20:50:06,126 [INFO] RtosManager:484 - Registered RTOS mode: class=RTOS, group=Core, mode=CMSIS_V2, owner=FREERTOS
2023-09-30 20:50:06,126 [WARN] ModelIntegratedComponent:181 - Missing modes for component STMicroelectronics:FreeRTOS:0.0.1:STMicroelectronics:RTOS:FreeRTOS:Core:::10.2.0:
2023-09-30 20:50:06,129 [WARN] ApiManager:304 - Cannot register API 'Board Extension:NFC04A1' from pack STMicroelectronics.X-CUBE-NFC4.3.0.0: no header file found
2023-09-30 20:50:06,132 [WARN] ApiManager:304 - Cannot register API 'Board Extension:S2868A1' from pack STMicroelectronics.X-CUBE-SUBG2.5.0.0: no header file found
2023-09-30 20:50:06,133 [WARN] ApiManager:304 - Cannot register API 'Board Extension:S2868A2' from pack STMicroelectronics.X-CUBE-SUBG2.5.0.0: no header file found
2023-09-30 20:50:06,133 [WARN] ApiManager:304 - Cannot register API 'Board Extension:S2915A1' from pack STMicroelectronics.X-CUBE-SUBG2.5.0.0: no header file found
2023-09-30 20:50:06,143 [WARN] ApiManager:304 - Cannot register API 'Board Extension:S2868A1' from pack STMicroelectronics.X-CUBE-SFXS2LP1.4.0.0: no header file found
2023-09-30 20:50:06,143 [WARN] ApiManager:304 - Cannot register API 'Board Extension:S2868A2' from pack STMicroelectronics.X-CUBE-SFXS2LP1.4.0.0: no header file found
2023-09-30 20:50:06,144 [WARN] ApiManager:304 - Cannot register API 'Board Extension:S2915A1' from pack STMicroelectronics.X-CUBE-SFXS2LP1.4.0.0: no header file found
2023-09-30 20:50:06,144 [WARN] ApiManager:304 - Cannot register API 'Wireless:BlueNRG-2' from pack STMicroelectronics.X-CUBE-BLE2.3.3.0: no header file found
2023-09-30 20:50:08,696 [INFO] UtilMem:74 - End LoadConfig() Used Memory: 586925232 Bytes (644874240)
2023-09-30 20:50:08,698 [WARN] ThirdParty:779 - waiting for thirdparty lock release [change project]
2023-09-30 20:50:08,699 [INFO] ThirdParty:781 - entering critical section [change project]
2023-09-30 20:50:08,699 [INFO] ThirdParty:967 - CMSIS Pack Vendor :STMicroelectronics X-CUBE-ISPU 1.1.0
2023-09-30 20:50:08,699 [INFO] ThirdParty:967 - CMSIS Pack Vendor :STMicroelectronics X-CUBE-GNSS1 6.0.0
2023-09-30 20:50:08,699 [INFO] ThirdParty:967 - CMSIS Pack Vendor :STMicroelectronics USB_HOST 2.0.0
2023-09-30 20:50:08,699 [INFO] ThirdParty:967 - CMSIS Pack Vendor :STMicroelectronics X-CUBE-AZRTOS-F4 1.1.0
2023-09-30 20:50:08,699 [INFO] ThirdParty:967 - CMSIS Pack Vendor :STMicroelectronics X-CUBE-BLE1 7.0.0
2023-09-30 20:50:08,699 [INFO] ThirdParty:967 - CMSIS Pack Vendor :STMicroelectronics FP-ATR-SIGFOX1 3.2.0
2023-09-30 20:50:08,699 [INFO] ThirdParty:967 - CMSIS Pack Vendor :wolfSSL I-CUBE-wolfSSL 5.6.3
2023-09-30 20:50:08,699 [INFO] ThirdParty:967 - CMSIS Pack Vendor :STMicroelectronics USB_DEVICE 3.0.0
2023-09-30 20:50:08,699 [INFO] ThirdParty:967 - CMSIS Pack Vendor :STMicroelectronics HAL Drivers 0.0.0
2023-09-30 20:50:08,699 [INFO] ThirdParty:967 - CMSIS Pack Vendor :STMicroelectronics MBEDTLS 2.16.2
2023-09-30 20:50:08,699 [INFO] ThirdParty:967 - CMSIS Pack Vendor :STMicroelectronics X-CUBE-AZRTOS-WB 2.0.0
2023-09-30 20:50:08,699 [INFO] ThirdParty:967 - CMSIS Pack Vendor :STMicroelectronics X-CUBE-TOUCHGFX 4.22.0
2023-09-30 20:50:08,699 [INFO] ThirdParty:967 - CMSIS Pack Vendor :STMicroelectronics X-CUBE-NFC7 1.0.1
2023-09-30 20:50:08,699 [INFO] ThirdParty:967 - CMSIS Pack Vendor :STMicroelectronics MBEDTLS 2.14.1
2023-09-30 20:50:08,700 [INFO] ThirdParty:967 - CMSIS Pack Vendor :STMicroelectronics X-CUBE-AZRTOS-F7 1.1.0
2023-09-30 20:50:08,700 [INFO] ThirdParty:967 - CMSIS Pack Vendor :STMicroelectronics X-CUBE-AZRTOS-L5 2.0.0
2023-09-30 20:50:08,700 [INFO] ThirdParty:967 - CMSIS Pack Vendor :STMicroelectronics X-CUBE-NFC6 3.0.0
2023-09-30 20:50:08,700 [INFO] ThirdParty:967 - CMSIS Pack Vendor :STMicroelectronics X-CUBE-EEPRMA1 4.1.0
2023-09-30 20:50:08,700 [INFO] ThirdParty:967 - CMSIS Pack Vendor :portGmbH I-Cube-SoM-uGOAL 1.1.0
2023-09-30 20:50:08,700 [INFO] ThirdParty:967 - CMSIS Pack Vendor :STMicroelectronics X-CUBE-ALS 1.0.1
2023-09-30 20:50:08,700 [INFO] ThirdParty:967 - CMSIS Pack Vendor :STMicroelectronics USB_DEVICE 2.0.0
2023-09-30 20:50:08,700 [INFO] ThirdParty:967 - CMSIS Pack Vendor :STMicroelectronics X-CUBE-MEMS1 9.6.0
2023-09-30 20:50:08,700 [INFO] ThirdParty:967 - CMSIS Pack Vendor :STMicroelectronics X-CUBE-AZRTOS-WL 2.0.0
2023-09-30 20:50:08,700 [INFO] ThirdParty:967 - CMSIS Pack Vendor :STMicroelectronics X-CUBE-ALGOBUILD 1.3.0
2023-09-30 20:50:08,700 [INFO] ThirdParty:967 - CMSIS Pack Vendor :SEGGER I-CUBE-embOS 1.3.1
2023-09-30 20:50:08,700 [INFO] ThirdParty:967 - CMSIS Pack Vendor :STMicroelectronics FreeRTOS 0.0.1
2023-09-30 20:50:08,701 [INFO] ThirdParty:967 - CMSIS Pack Vendor :STMicroelectronics X-CUBE-AZRTOS-G0 1.1.0
2023-09-30 20:50:08,701 [INFO] ThirdParty:967 - CMSIS Pack Vendor :STMicroelectronics USB_DEVICE 1.0.0
2023-09-30 20:50:08,701 [INFO] ThirdParty:967 - CMSIS Pack Vendor :STMicroelectronics X-CUBE-BLEMGR 2.0.0
2023-09-30 20:50:08,701 [INFO] ThirdParty:967 - CMSIS Pack Vendor :STMicroelectronics X-CUBE-AI 8.1.0
2023-09-30 20:50:08,701 [INFO] ThirdParty:967 - CMSIS Pack Vendor :STMicroelectronics X-CUBE-NFC4 3.0.0
2023-09-30 20:50:08,701 [INFO] ThirdParty:967 - CMSIS Pack Vendor :STMicroelectronics X-CUBE-SUBG2 5.0.0
2023-09-30 20:50:08,701 [INFO] ThirdParty:967 - CMSIS Pack Vendor :STMicroelectronics X-CUBE-AZRTOS-L4 2.0.0
2023-09-30 20:50:08,701 [INFO] ThirdParty:967 - CMSIS Pack Vendor :STMicroelectronics ThreadX 0.0.2
2023-09-30 20:50:08,701 [INFO] ThirdParty:967 - CMSIS Pack Vendor :WES I-CUBE-Cesium 1.3.0
2023-09-30 20:50:08,701 [INFO] ThirdParty:967 - CMSIS Pack Vendor :STMicroelectronics FP-ATR-ASTRA1 2.0.0
2023-09-30 20:50:08,701 [INFO] ThirdParty:967 - CMSIS Pack Vendor :STMicroelectronics lwIP 2.0.3
2023-09-30 20:50:08,701 [INFO] ThirdParty:967 - CMSIS Pack Vendor :STMicroelectronics lwIP 2.1.2
2023-09-30 20:50:08,701 [INFO] ThirdParty:967 - CMSIS Pack Vendor :STMicroelectronics X-CUBE-SFXS2LP1 4.0.0
2023-09-30 20:50:08,701 [INFO] ThirdParty:967 - CMSIS Pack Vendor :STMicroelectronics X-CUBE-BLE2 3.3.0
2023-09-30 20:50:08,702 [INFO] ThirdParty:967 - CMSIS Pack Vendor :STMicroelectronics USB_HOST 1.0.0
2023-09-30 20:50:08,702 [INFO] ThirdParty:967 - CMSIS Pack Vendor :STMicroelectronics X-CUBE-AZRTOS-G4 2.0.0
2023-09-30 20:50:08,702 [INFO] ThirdParty:967 - CMSIS Pack Vendor :STMicroelectronics PDM2PCM 3.1.0
2023-09-30 20:50:08,702 [INFO] ThirdParty:967 - CMSIS Pack Vendor :STMicroelectronics X-CUBE-AZRTOS-H7 3.1.0
2023-09-30 20:50:08,702 [INFO] ThirdParty:967 - CMSIS Pack Vendor :STMicroelectronics PDM2PCM 3.2.0
2023-09-30 20:50:08,702 [INFO] ThirdParty:967 - CMSIS Pack Vendor :STMicroelectronics PDM2PCM 3.3.0
2023-09-30 20:50:08,702 [INFO] ThirdParty:787 - exiting critical section [change project]
2023-09-30 20:50:09,073 [INFO] PinOutPanel:1463 - setPackage(No Configuration,No Configuration)
2023-09-30 20:50:09,076 [INFO] PinOutPanel:1463 - setPackage(STM32F103C6Ux,UFQFPN48)
2023-09-30 20:50:09,574 [INFO] UtilMem:74 - Before build in PCC Used Memory: 562640160 Bytes (644874240)
2023-09-30 20:50:10,358 [INFO] UtilMem:74 - After build in PCC Used Memory: 524301136 Bytes (644874240)
2023-09-30 20:50:10,390 [INFO] IPUIPlugin:74 - create IPUIPlugin
2023-09-30 20:50:10,391 [INFO] IPUIPlugin:74 - create IPUIPlugin
2023-09-30 20:50:10,391 [INFO] IPUIPlugin:74 - create IPUIPlugin
2023-09-30 20:50:10,391 [INFO] IPUIPlugin:74 - create IPUIPlugin
2023-09-30 20:50:10,391 [INFO] IPUIPlugin:74 - create IPUIPlugin
2023-09-30 20:50:10,391 [INFO] IPUIPlugin:74 - create IPUIPlugin
2023-09-30 20:50:10,392 [INFO] IPUIPlugin:74 - create IPUIPlugin
2023-09-30 20:50:10,392 [INFO] IPUIPlugin:74 - create IPUIPlugin
2023-09-30 20:50:10,392 [INFO] IPUIPlugin:74 - create IPUIPlugin
2023-09-30 20:50:10,393 [INFO] IPUIPlugin:74 - create IPUIPlugin
2023-09-30 20:50:10,393 [INFO] IPUIPlugin:74 - create IPUIPlugin
2023-09-30 20:50:10,394 [INFO] IPUIPlugin:74 - create IPUIPlugin
2023-09-30 20:50:10,394 [INFO] IPUIPlugin:74 - create IPUIPlugin
2023-09-30 20:50:10,395 [INFO] IPUIPlugin:74 - create IPUIPlugin
2023-09-30 20:50:10,395 [INFO] IPUIPlugin:74 - create IPUIPlugin
2023-09-30 20:50:10,395 [INFO] IPUIPlugin:74 - create IPUIPlugin
2023-09-30 20:50:10,396 [INFO] IPUIPlugin:74 - create IPUIPlugin
2023-09-30 20:50:10,396 [INFO] IPUIPlugin:74 - create IPUIPlugin
2023-09-30 20:50:10,397 [INFO] IPUIPlugin:74 - create IPUIPlugin
2023-09-30 20:50:10,397 [INFO] IPUIPlugin:74 - create IPUIPlugin
2023-09-30 20:50:10,398 [INFO] IPUIPlugin:74 - create IPUIPlugin
2023-09-30 20:50:10,399 [INFO] IPUIPlugin:74 - create IPUIPlugin
2023-09-30 20:50:10,399 [INFO] IPUIPlugin:74 - create IPUIPlugin
2023-09-30 20:50:10,584 [INFO] OpenFileManager:333 - Restore cursor
2023-09-30 20:50:10,981 [INFO] UtilMem:74 - End SaveConfig() Used Memory: 562090872 Bytes (644874240)
2023-09-30 20:50:11,021 [INFO] UtilMem:74 - End SaveConfig() Used Memory: 580679520 Bytes (644874240)
2023-09-30 20:50:11,369 [INFO] BlockDiagram:2740 - set Specific Code input for plugin: NVIC
2023-09-30 20:50:11,369 [INFO] BlockDiagram:2740 - set Specific Code input for plugin: SYS
2023-09-30 20:50:11,371 [INFO] BlockDiagram:2740 - set Specific Code input for plugin: RCC
2023-09-30 20:50:11,371 [INFO] CodeGenerator:663 - code generatio: config db path: C:\ST\STM32CubeIDE_1.7.0\STM32CubeIDE\plugins\com.st.stm32cube.common.mx_6.3.0.202107141111\\db\
2023-09-30 20:50:11,721 [INFO] CodeEngine:239 - oldGeneratedFile, D:\Git\GIT_LAB1\STM32SOURCE\LAB1_Exercise\MXTmpFiles\license.tmp_save
2023-09-30 20:50:12,146 [INFO] CodeEngine:257 - Generated code: D:\Git\GIT_LAB1\STM32SOURCE\LAB1_Exercise\MXTmpFiles\license.tmp
2023-09-30 20:50:12,273 [INFO] CodeEngine:239 - oldGeneratedFile, D:\Git\GIT_LAB1\STM32SOURCE\LAB1_Exercise\Core\Src\stm32f1xx_it.c_save
2023-09-30 20:50:12,458 [INFO] CodeEngine:257 - Generated code: D:\Git\GIT_LAB1\STM32SOURCE\LAB1_Exercise\Core\Src\stm32f1xx_it.c
2023-09-30 20:50:12,487 [INFO] CodeEngine:239 - oldGeneratedFile, D:\Git\GIT_LAB1\STM32SOURCE\LAB1_Exercise\Core\Inc\stm32f1xx_it.h_save
2023-09-30 20:50:12,561 [INFO] CodeEngine:257 - Generated code: D:\Git\GIT_LAB1\STM32SOURCE\LAB1_Exercise\Core\Inc\stm32f1xx_it.h
2023-09-30 20:50:12,571 [INFO] CodeEngine:239 - oldGeneratedFile, D:\Git\GIT_LAB1\STM32SOURCE\LAB1_Exercise\Core\Src\stm32f1xx_hal_msp.c_save
2023-09-30 20:50:12,722 [INFO] CodeEngine:257 - Generated code: D:\Git\GIT_LAB1\STM32SOURCE\LAB1_Exercise\Core\Src\stm32f1xx_hal_msp.c
2023-09-30 20:50:12,724 [INFO] CodeEngine:239 - oldGeneratedFile, D:\Git\GIT_LAB1\STM32SOURCE\LAB1_Exercise\MXTmpFiles\system.tmp_save
2023-09-30 20:50:12,798 [INFO] CodeEngine:257 - Generated code: D:\Git\GIT_LAB1\STM32SOURCE\LAB1_Exercise\MXTmpFiles\system.tmp
2023-09-30 20:50:12,803 [INFO] CodeEngine:239 - oldGeneratedFile, D:\Git\GIT_LAB1\STM32SOURCE\LAB1_Exercise\Core\Inc\stm32f1xx_hal_conf.h_save
2023-09-30 20:50:12,918 [INFO] CodeEngine:257 - Generated code: D:\Git\GIT_LAB1\STM32SOURCE\LAB1_Exercise\Core\Inc\stm32f1xx_hal_conf.h
2023-09-30 20:50:12,990 [INFO] CodeEngine:239 - oldGeneratedFile, D:\Git\GIT_LAB1\STM32SOURCE\LAB1_Exercise\Core\Inc\main.h_save
2023-09-30 20:50:13,085 [INFO] CodeEngine:257 - Generated code: D:\Git\GIT_LAB1\STM32SOURCE\LAB1_Exercise\Core\Inc\main.h
2023-09-30 20:50:13,088 [INFO] CodeEngine:239 - oldGeneratedFile, D:\Git\GIT_LAB1\STM32SOURCE\LAB1_Exercise\Core\Src\main.c_save
2023-09-30 20:50:13,221 [INFO] CodeEngine:257 - Generated code: D:\Git\GIT_LAB1\STM32SOURCE\LAB1_Exercise\Core\Src\main.c
2023-09-30 20:50:14,044 [INFO] ProjectBuilder:2578 - Time for Copy HAL[1] : 42mS.
2023-09-30 20:50:14,050 [INFO] ProjectBuilder:3622 - Project Generator version: 3.14.1
2023-09-30 20:50:14,459 [INFO] ConfigFileManager:1271 - The Die is : DIE412
2023-09-30 20:50:14,471 [INFO] ApiDbMcu:468 - Load IP Config File for FATFS
2023-09-30 20:50:14,496 [INFO] ApiDbMcu:468 - Load IP Config File for FREERTOS
2023-09-30 20:50:14,516 [INFO] ApiDbMcu:468 - Load IP Config File for USB_DEVICE
2023-09-30 20:50:17,368 [INFO] ProjectBuilder:3789 - Time for Generating toolchain IDE Files: 3318mS.
2023-09-30 20:50:17,368 [INFO] ProjectBuilder:2457 - Time for Copy CMSIS : 0mS.
2023-09-30 20:50:17,369 [INFO] ProjectBuilder:2457 - Time for Copy CMSIS : 0mS.
2023-09-30 20:50:18,338 [INFO] McuFinderGlobals:52 - Set McuFinderConnectedMode to true
2023-09-30 20:50:18,339 [INFO] ApiDb:276 - Save user favorites file C:\Users\Administrator/.stm32cubeide/favorites.mcus.txt: 0 item(s)
2023-09-30 20:50:18,340 [INFO] ApiDb:280 - User favorites MCUs=[]
2023-09-30 20:52:21,728 [INFO] UtilMem:74 - End SaveConfig() Used Memory: 807819960 Bytes (953155584)
2023-09-30 20:52:22,657 [INFO] UtilMem:74 - End SaveConfig() Used Memory: 830408168 Bytes (953155584)
2023-09-30 20:52:25,819 [INFO] UtilMem:74 - End SaveConfig() Used Memory: 852945344 Bytes (953155584)
2023-09-30 20:52:26,109 [INFO] BlockDiagram:2740 - set Specific Code input for plugin: NVIC
2023-09-30 20:52:26,144 [INFO] BlockDiagram:2740 - set Specific Code input for plugin: SYS
2023-09-30 20:52:26,144 [INFO] BlockDiagram:2740 - set Specific Code input for plugin: GPIO
2023-09-30 20:52:26,144 [INFO] BlockDiagram:2740 - set Specific Code input for plugin: RCC
2023-09-30 20:52:26,145 [INFO] CodeGenerator:663 - code generatio: config db path: C:\ST\STM32CubeIDE_1.7.0\STM32CubeIDE\plugins\com.st.stm32cube.common.mx_6.3.0.202107141111\\db\
2023-09-30 20:52:26,427 [INFO] CodeEngine:239 - oldGeneratedFile, D:\Git\GIT_LAB1\STM32SOURCE\LAB1_Exercise\MXTmpFiles\license.tmp_save
2023-09-30 20:52:26,507 [INFO] CodeEngine:257 - Generated code: D:\Git\GIT_LAB1\STM32SOURCE\LAB1_Exercise\MXTmpFiles\license.tmp
2023-09-30 20:52:26,571 [INFO] CodeEngine:239 - oldGeneratedFile, D:\Git\GIT_LAB1\STM32SOURCE\LAB1_Exercise\MXTmpFiles\gpio.tmp_save
2023-09-30 20:52:26,661 [INFO] CodeEngine:257 - Generated code: D:\Git\GIT_LAB1\STM32SOURCE\LAB1_Exercise\MXTmpFiles\gpio.tmp
2023-09-30 20:52:26,688 [INFO] CodeEngine:239 - oldGeneratedFile, D:\Git\GIT_LAB1\STM32SOURCE\LAB1_Exercise\Core\Src\stm32f1xx_it.c_save
2023-09-30 20:52:26,850 [INFO] CodeEngine:257 - Generated code: D:\Git\GIT_LAB1\STM32SOURCE\LAB1_Exercise\Core\Src\stm32f1xx_it.c
2023-09-30 20:52:26,855 [INFO] CodeEngine:239 - oldGeneratedFile, D:\Git\GIT_LAB1\STM32SOURCE\LAB1_Exercise\Core\Inc\stm32f1xx_it.h_save
2023-09-30 20:52:26,932 [INFO] CodeEngine:257 - Generated code: D:\Git\GIT_LAB1\STM32SOURCE\LAB1_Exercise\Core\Inc\stm32f1xx_it.h
2023-09-30 20:52:26,954 [INFO] CodeEngine:239 - oldGeneratedFile, D:\Git\GIT_LAB1\STM32SOURCE\LAB1_Exercise\Core\Src\stm32f1xx_hal_msp.c_save
2023-09-30 20:52:27,070 [INFO] CodeEngine:257 - Generated code: D:\Git\GIT_LAB1\STM32SOURCE\LAB1_Exercise\Core\Src\stm32f1xx_hal_msp.c
2023-09-30 20:52:27,074 [INFO] CodeEngine:239 - oldGeneratedFile, D:\Git\GIT_LAB1\STM32SOURCE\LAB1_Exercise\MXTmpFiles\system.tmp_save
2023-09-30 20:52:27,164 [INFO] CodeEngine:257 - Generated code: D:\Git\GIT_LAB1\STM32SOURCE\LAB1_Exercise\MXTmpFiles\system.tmp
2023-09-30 20:52:27,180 [INFO] CodeEngine:239 - oldGeneratedFile, D:\Git\GIT_LAB1\STM32SOURCE\LAB1_Exercise\Core\Inc\stm32f1xx_hal_conf.h_save
2023-09-30 20:52:27,292 [INFO] CodeEngine:257 - Generated code: D:\Git\GIT_LAB1\STM32SOURCE\LAB1_Exercise\Core\Inc\stm32f1xx_hal_conf.h
2023-09-30 20:52:27,333 [INFO] CodeEngine:239 - oldGeneratedFile, D:\Git\GIT_LAB1\STM32SOURCE\LAB1_Exercise\Core\Inc\main.h_save
2023-09-30 20:52:27,415 [INFO] CodeEngine:257 - Generated code: D:\Git\GIT_LAB1\STM32SOURCE\LAB1_Exercise\Core\Inc\main.h
2023-09-30 20:52:27,430 [INFO] CodeEngine:239 - oldGeneratedFile, D:\Git\GIT_LAB1\STM32SOURCE\LAB1_Exercise\Core\Src\main.c_save
2023-09-30 20:52:27,552 [INFO] CodeEngine:257 - Generated code: D:\Git\GIT_LAB1\STM32SOURCE\LAB1_Exercise\Core\Src\main.c
2023-09-30 20:52:28,413 [INFO] ProjectBuilder:2578 - Time for Copy HAL[1] : 81mS.
2023-09-30 20:52:28,416 [INFO] ProjectBuilder:3622 - Project Generator version: 3.14.1
2023-09-30 20:52:28,940 [INFO] ConfigFileManager:1271 - The Die is : DIE412
2023-09-30 20:52:30,737 [INFO] ProjectBuilder:3789 - Time for Generating toolchain IDE Files: 2321mS.
2023-09-30 20:52:30,738 [INFO] ProjectBuilder:2457 - Time for Copy CMSIS : 1mS.
2023-09-30 20:52:30,739 [INFO] ProjectBuilder:2457 - Time for Copy CMSIS : 0mS.
